::1 - - [02/Apr/2026:14:50:38 +0000] "GET / HTTP/1.1" 304 -
::1 - - [02/Apr/2026:14:50:38 +0000] "GET /favicon.ico HTTP/1.1" 404 150
::1 - - [02/Apr/2026:14:50:39 +0000] "GET /album HTTP/1.1" 200 6740
::1 - - [02/Apr/2026:14:50:42 +0000] "GET /album/form/1 HTTP/1.1" 200 2382
::1 - - [02/Apr/2026:14:51:28 +0000] "GET /album HTTP/1.1" 304 -
::1 - - [02/Apr/2026:14:51:30 +0000] "GET /album/form HTTP/1.1" 200 2291
::1 - - [02/Apr/2026:14:51:44 +0000] "POST /album/save HTTP/1.1" 302 35
::1 - - [02/Apr/2026:14:51:44 +0000] "GET /album HTTP/1.1" 200 7041
::1 - - [02/Apr/2026:14:51:47 +0000] "GET /album/delete/21 HTTP/1.1" 302 35
::1 - - [02/Apr/2026:14:51:47 +0000] "GET /album HTTP/1.1" 200 6740
::1 - - [02/Apr/2026:14:51:50 +0000] "GET /album/form/20 HTTP/1.1" 200 2364
::1 - - [02/Apr/2026:14:51:54 +0000] "POST /album/save HTTP/1.1" 302 35
::1 - - [02/Apr/2026:14:51:54 +0000] "GET /album HTTP/1.1" 200 6740
::1 - - [02/Apr/2026:14:52:01 +0000] "GET /artista HTTP/1.1" 200 2748
::1 - - [02/Apr/2026:14:52:04 +0000] "GET /artista/detalle/1 HTTP/1.1" 404 156
::1 - - [02/Apr/2026:14:52:07 +0000] "GET /artista/detalle/2 HTTP/1.1" 404 156
::1 - - [02/Apr/2026:14:52:12 +0000] "GET /artista/delete/6 HTTP/1.1" 302 37
::1 - - [02/Apr/2026:14:52:12 +0000] "GET /artista HTTP/1.1" 200 2376
::1 - - [02/Apr/2026:15:03:34 +0000] "GET / HTTP/1.1" 304 -
::1 - - [02/Apr/2026:15:03:34 +0000] "GET /favicon.ico HTTP/1.1" 404 150
::1 - - [02/Apr/2026:15:03:36 +0000] "GET /album HTTP/1.1" 200 6740
::1 - - [02/Apr/2026:15:03:40 +0000] "GET /album/form/1 HTTP/1.1" 304 -
::1 - - [02/Apr/2026:15:03:46 +0000] "GET /album/delete/2 HTTP/1.1" 302 35
::1 - - [02/Apr/2026:15:03:46 +0000] "GET /album HTTP/1.1" 200 6441
::1 - - [02/Apr/2026:15:03:49 +0000] "GET /album/form HTTP/1.1" 304 -
::1 - - [02/Apr/2026:15:03:59 +0000] "POST /album/save HTTP/1.1" 200 1531
::1 - - [02/Apr/2026:15:04:09 +0000] "POST /album/save HTTP/1.1" 302 35
::1 - - [02/Apr/2026:15:04:09 +0000] "GET /album HTTP/1.1" 200 6737
::1 - - [02/Apr/2026:15:04:37 +0000] "GET /artista HTTP/1.1" 200 2748
::1 - - [02/Apr/2026:15:04:40 +0000] "GET /artista/detalle/6 HTTP/1.1" 404 156
::1 - - [02/Apr/2026:15:06:03 +0000] "GET /artista/detalle/6 HTTP/1.1" 404 156
::1 - - [02/Apr/2026:15:06:05 +0000] "GET /artista/delete/6 HTTP/1.1" 302 37
::1 - - [02/Apr/2026:15:06:05 +0000] "GET /artista HTTP/1.1" 200 2376
::1 - - [02/Apr/2026:15:06:07 +0000] "GET /artista/form/1 HTTP/1.1" 200 1138
::1 - - [02/Apr/2026:15:06:12 +0000] "POST /artista/save HTTP/1.1" 302 37
::1 - - [02/Apr/2026:15:06:12 +0000] "GET /artista HTTP/1.1" 304 -
::1 - - [02/Apr/2026:15:06:14 +0000] "GET /artista/detalle/5 HTTP/1.1" 404 156
::1 - - [02/Apr/2026:15:07:34 +0000] "GET /artista/detalle/1 HTTP/1.1" 404 156
::1 - - [02/Apr/2026:15:14:44 +0000] "GET / HTTP/1.1" 304 -
::1 - - [02/Apr/2026:15:14:45 +0000] "GET /album HTTP/1.1" 200 6745
::1 - - [02/Apr/2026:15:14:46 +0000] "GET /album/form/1 HTTP/1.1" 200 2301
::1 - - [02/Apr/2026:15:15:38 +0000] "GET /artista HTTP/1.1" 304 -
::1 - - [02/Apr/2026:15:15:40 +0000] "GET /artista/form/1 HTTP/1.1" 200 1138
::1 - - [02/Apr/2026:15:15:50 +0000] "GET /album/form/5 HTTP/1.1" 200 2279
::1 - - [02/Apr/2026:15:15:56 +0000] "POST /album/save HTTP/1.1" 302 35
::1 - - [02/Apr/2026:15:15:56 +0000] "GET /album HTTP/1.1" 200 6745
::1 - - [02/Apr/2026:15:18:24 +0000] "GET /artista HTTP/1.1" 304 -
::1 - - [02/Apr/2026:15:18:26 +0000] "GET /artista/detalle/1 HTTP/1.1" 404 156
::1 - - [02/Apr/2026:15:18:27 +0000] "GET /artista/detalle/1 HTTP/1.1" 404 156
::1 - - [02/Apr/2026:15:47:29 +0000] "GET /artista/detalle/1 HTTP/1.1" 404 156
::1 - - [02/Apr/2026:15:47:32 +0000] "GET /artista/detalle/1 HTTP/1.1" 404 156
::1 - - [02/Apr/2026:15:47:39 +0000] "GET /album HTTP/1.1" 304 -
::1 - - [02/Apr/2026:15:47:41 +0000] "GET /album/form/1 HTTP/1.1" 304 -
::1 - - [02/Apr/2026:15:51:13 +0000] "GET /album/form/1 HTTP/1.1" 304 -
::1 - - [02/Apr/2026:15:51:15 +0000] "GET /album/form/1 HTTP/1.1" 304 -
::1 - - [02/Apr/2026:15:51:25 +0000] "GET /album/form/1 HTTP/1.1" 304 -
::1 - - [02/Apr/2026:15:51:25 +0000] "GET /album HTTP/1.1" 304 -
::1 - - [02/Apr/2026:15:51:26 +0000] "GET /album/form/1 HTTP/1.1" 304 -
::1 - - [02/Apr/2026:15:54:34 +0000] "GET /album/form/1 HTTP/1.1" 304 -
::1 - - [02/Apr/2026:15:54:35 +0000] "GET /album HTTP/1.1" 304 -
::1 - - [02/Apr/2026:15:54:36 +0000] "GET /album/form/1 HTTP/1.1" 304 -
::1 - - [02/Apr/2026:15:56:13 +0000] "GET /album/form/1 HTTP/1.1" 304 -
::1 - - [02/Apr/2026:15:56:14 +0000] "GET /album/form/1 HTTP/1.1" 304 -
::1 - - [02/Apr/2026:15:56:15 +0000] "GET /album HTTP/1.1" 304 -
::1 - - [02/Apr/2026:15:56:17 +0000] "GET /album/form/1 HTTP/1.1" 304 -
::1 - - [02/Apr/2026:16:01:11 +0000] "GET / HTTP/1.1" 304 -
::1 - - [02/Apr/2026:16:01:16 +0000] "GET /album HTTP/1.1" 304 -
::1 - - [02/Apr/2026:16:01:17 +0000] "GET /album/form/1 HTTP/1.1" 304 -
::1 - - [02/Apr/2026:16:06:29 +0000] "GET /artista HTTP/1.1" 304 -
::1 - - [02/Apr/2026:16:06:30 +0000] "GET /artista/form/1 HTTP/1.1" 304 -
::1 - - [02/Apr/2026:16:06:34 +0000] "GET /artista/delete/1 HTTP/1.1" 302 37
::1 - - [02/Apr/2026:16:06:34 +0000] "GET /artista HTTP/1.1" 200 2002
::1 - - [02/Apr/2026:16:06:36 +0000] "GET /artista/form HTTP/1.1" 500 310
::1 - - [02/Apr/2026:16:08:23 +0000] "GET /artista/form HTTP/1.1" 500 310
::1 - - [02/Apr/2026:16:08:30 +0000] "GET /album HTTP/1.1" 200 6745
::1 - - [02/Apr/2026:16:08:34 +0000] "GET /album/delete/1 HTTP/1.1" 302 35
::1 - - [02/Apr/2026:16:08:34 +0000] "GET /album HTTP/1.1" 200 6419
::1 - - [02/Apr/2026:16:08:36 +0000] "GET /album/form/3 HTTP/1.1" 200 2198
::1 - - [06/Apr/2026:18:58:01 +0000] "GET / HTTP/1.1" 304 -
::1 - - [06/Apr/2026:18:58:01 +0000] "GET /favicon.ico HTTP/1.1" 404 150
::1 - - [06/Apr/2026:18:58:02 +0000] "GET /album HTTP/1.1" 200 6740
::1 - - [06/Apr/2026:18:58:06 +0000] "GET /album/form/1 HTTP/1.1" 200 1559
::1 - - [06/Apr/2026:18:58:16 +0000] "POST /album/save HTTP/1.1" 302 35
::1 - - [06/Apr/2026:18:58:16 +0000] "GET /album HTTP/1.1" 200 6740
::1 - - [06/Apr/2026:18:58:18 +0000] "GET /album/form/1 HTTP/1.1" 200 1559
::1 - - [06/Apr/2026:18:58:19 +0000] "GET /artista HTTP/1.1" 200 2748
::1 - - [06/Apr/2026:18:58:22 +0000] "GET /artista/form/1 HTTP/1.1" 200 1138
::1 - - [06/Apr/2026:18:58:27 +0000] "POST /artista/save HTTP/1.1" 302 37
::1 - - [06/Apr/2026:18:58:27 +0000] "GET /artista HTTP/1.1" 304 -
::1 - - [06/Apr/2026:18:58:28 +0000] "GET /artista/delete/1 HTTP/1.1" 302 37
::1 - - [06/Apr/2026:18:58:28 +0000] "GET /artista HTTP/1.1" 200 2374
::1 - - [06/Apr/2026:18:58:34 +0000] "GET /artista/form HTTP/1.1" 500 310
::1 - - [06/Apr/2026:18:58:42 +0000] "GET /artista/form HTTP/1.1" 500 310
::1 - - [06/Apr/2026:18:59:53 +0000] "GET /album HTTP/1.1" 200 6740
::1 - - [06/Apr/2026:18:59:59 +0000] "GET /album/form/5 HTTP/1.1" 200 1454
::1 - - [06/Apr/2026:19:00:04 +0000] "POST /album/save HTTP/1.1" 302 35
::1 - - [06/Apr/2026:19:00:04 +0000] "GET /album HTTP/1.1" 200 6740
::1 - - [06/Apr/2026:19:00:08 +0000] "GET /album/form/5 HTTP/1.1" 200 1454
::1 - - [06/Apr/2026:19:00:21 +0000] "POST /album/save HTTP/1.1" 302 35
::1 - - [06/Apr/2026:19:00:21 +0000] "GET /album HTTP/1.1" 200 6740
::1 - - [06/Apr/2026:19:00:23 +0000] "GET /album/form HTTP/1.1" 200 1385
::1 - - [06/Apr/2026:19:00:28 +0000] "POST /album/save HTTP/1.1" 200 1465
::1 - - [06/Apr/2026:19:00:40 +0000] "POST /album/save HTTP/1.1" 302 35
::1 - - [06/Apr/2026:19:00:40 +0000] "GET /album HTTP/1.1" 200 7041
::1 - - [06/Apr/2026:19:04:58 +0000] "GET /album/form HTTP/1.1" 304 -
::1 - - [06/Apr/2026:19:05:04 +0000] "POST /album/save HTTP/1.1" 200 1506
::1 - - [06/Apr/2026:19:05:09 +0000] "POST /album/save HTTP/1.1" 302 35
::1 - - [06/Apr/2026:19:05:10 +0000] "GET /album HTTP/1.1" 200 7342
::1 - - [06/Apr/2026:19:05:28 +0000] "GET /album HTTP/1.1" 304 -
::1 - - [06/Apr/2026:19:05:29 +0000] "GET /album/delete/21 HTTP/1.1" 302 35
::1 - - [06/Apr/2026:19:05:29 +0000] "GET /album HTTP/1.1" 200 7041
::1 - - [06/Apr/2026:19:05:32 +0000] "GET / HTTP/1.1" 304 -
::1 - - [06/Apr/2026:19:05:33 +0000] "GET /artista HTTP/1.1" 304 -
::1 - - [06/Apr/2026:19:05:36 +0000] "GET /artista/form HTTP/1.1" 500 310
::1 - - [06/Apr/2026:19:22:06 +0000] "GET /artista/form HTTP/1.1" 500 310
::1 - - [06/Apr/2026:19:22:09 +0000] "GET /artista HTTP/1.1" 304 -
::1 - - [06/Apr/2026:19:23:34 +0000] "GET / HTTP/1.1" 304 -
::1 - - [06/Apr/2026:19:23:35 +0000] "GET /favicon.ico HTTP/1.1" 404 150
::1 - - [06/Apr/2026:19:23:37 +0000] "GET /album HTTP/1.1" 200 6740
::1 - - [06/Apr/2026:19:23:38 +0000] "GET /album/form HTTP/1.1" 200 1468
::1 - - [06/Apr/2026:19:23:47 +0000] "POST /album/save HTTP/1.1" 200 1589
::1 - - [06/Apr/2026:19:23:53 +0000] "POST /album/save HTTP/1.1" 302 35
::1 - - [06/Apr/2026:19:23:53 +0000] "GET /album HTTP/1.1" 200 7040
::1 - - [06/Apr/2026:19:23:58 +0000] "GET /album/delete/21 HTTP/1.1" 302 35
::1 - - [06/Apr/2026:19:23:58 +0000] "GET /album HTTP/1.1" 200 6740
::1 - - [06/Apr/2026:19:24:02 +0000] "GET /album/form/19 HTTP/1.1" 200 1534
::1 - - [06/Apr/2026:19:24:08 +0000] "POST /album/save HTTP/1.1" 302 35
::1 - - [06/Apr/2026:19:24:08 +0000] "GET /album HTTP/1.1" 200 6740
::1 - - [06/Apr/2026:19:24:14 +0000] "GET /artista HTTP/1.1" 200 2748
::1 - - [06/Apr/2026:19:24:17 +0000] "GET /artista/form HTTP/1.1" 200 1066
::1 - - [06/Apr/2026:19:24:29 +0000] "POST /artista/save HTTP/1.1" 404 152
::1 - - [06/Apr/2026:19:26:14 +0000] "GET /artista/form/4 HTTP/1.1" 200 1130
::1 - - [06/Apr/2026:19:26:19 +0000] "POST /artista/save HTTP/1.1" 404 152
::1 - - [06/Apr/2026:19:29:47 +0000] "GET / HTTP/1.1" 304 -
::1 - - [06/Apr/2026:19:29:55 +0000] "GET /album HTTP/1.1" 200 6740
::1 - - [06/Apr/2026:19:29:56 +0000] "GET /album/form HTTP/1.1" 304 -
::1 - - [06/Apr/2026:19:30:00 +0000] "POST /album/save HTTP/1.1" 200 1580
::1 - - [06/Apr/2026:19:30:03 +0000] "POST /album/save HTTP/1.1" 200 1582
::1 - - [06/Apr/2026:19:30:10 +0000] "POST /album/save HTTP/1.1" 200 1582
::1 - - [06/Apr/2026:19:30:15 +0000] "POST /album/save HTTP/1.1" 200 1582
::1 - - [06/Apr/2026:19:30:22 +0000] "POST /album/save HTTP/1.1" 200 1584
::1 - - [06/Apr/2026:19:30:26 +0000] "POST /album/save HTTP/1.1" 302 35
::1 - - [06/Apr/2026:19:30:26 +0000] "GET /album HTTP/1.1" 200 7037
::1 - - [06/Apr/2026:19:30:45 +0000] "GET /album/delete/20 HTTP/1.1" 302 35
::1 - - [06/Apr/2026:19:30:45 +0000] "GET /album HTTP/1.1" 200 6730
::1 - - [06/Apr/2026:19:30:50 +0000] "GET /album/delete/1 HTTP/1.1" 302 35
::1 - - [06/Apr/2026:19:30:50 +0000] "GET /album HTTP/1.1" 200 6404
::1 - - [06/Apr/2026:19:30:51 +0000] "GET /album/form/2 HTTP/1.1" 200 1532
::1 - - [06/Apr/2026:19:30:56 +0000] "POST /album/save HTTP/1.1" 200 1585
::1 - - [06/Apr/2026:19:30:59 +0000] "POST /album/save HTTP/1.1" 200 1581
::1 - - [06/Apr/2026:19:31:06 +0000] "POST /album/save HTTP/1.1" 200 1586
::1 - - [06/Apr/2026:19:31:14 +0000] "POST /album/save HTTP/1.1" 302 35
::1 - - [06/Apr/2026:19:31:14 +0000] "GET /album HTTP/1.1" 200 6400
::1 - - [06/Apr/2026:19:31:18 +0000] "GET /artista HTTP/1.1" 304 -
::1 - - [06/Apr/2026:19:31:23 +0000] "GET /artista/delete/1 HTTP/1.1" 302 37
::1 - - [06/Apr/2026:19:31:23 +0000] "GET /artista HTTP/1.1" 200 2374
::1 - - [06/Apr/2026:19:31:25 +0000] "GET /artista/form/2 HTTP/1.1" 200 1144
::1 - - [06/Apr/2026:19:31:28 +0000] "POST /artista/save HTTP/1.1" 302 37
::1 - - [06/Apr/2026:19:31:28 +0000] "GET /artista HTTP/1.1" 200 2369
::1 - - [06/Apr/2026:19:31:32 +0000] "GET /artista/form/2 HTTP/1.1" 200 1139
::1 - - [06/Apr/2026:19:31:35 +0000] "POST /artista/save HTTP/1.1" 200 1135
::1 - - [06/Apr/2026:19:31:37 +0000] "POST /artista/save HTTP/1.1" 200 1135
::1 - - [06/Apr/2026:19:31:40 +0000] "POST /artista/save HTTP/1.1" 200 1135
::1 - - [06/Apr/2026:19:31:42 +0000] "POST /artista/save HTTP/1.1" 302 37
::1 - - [06/Apr/2026:19:31:42 +0000] "GET /artista HTTP/1.1" 304 -
::1 - - [06/Apr/2026:19:31:46 +0000] "GET /artista/form HTTP/1.1" 304 -
::1 - - [06/Apr/2026:19:31:57 +0000] "POST /artista/save HTTP/1.1" 200 1118
::1 - - [06/Apr/2026:19:32:01 +0000] "POST /artista/save HTTP/1.1" 200 1122
::1 - - [06/Apr/2026:19:32:04 +0000] "POST /artista/save HTTP/1.1" 200 1126
::1 - - [06/Apr/2026:19:32:08 +0000] "POST /artista/save HTTP/1.1" 302 37
::1 - - [06/Apr/2026:19:32:08 +0000] "GET /artista HTTP/1.1" 200 2732
::1 - - [06/Apr/2026:19:32:11 +0000] "GET /artista/delete/7 HTTP/1.1" 302 37
::1 - - [06/Apr/2026:19:32:11 +0000] "GET /artista HTTP/1.1" 200 2369
::1 - - [06/Apr/2026:19:34:04 +0000] "GET / HTTP/1.1" 304 -
::1 - - [06/Apr/2026:19:34:06 +0000] "GET /artista HTTP/1.1" 200 2884
::1 - - [06/Apr/2026:19:34:09 +0000] "GET /album HTTP/1.1" 200 6740
::1 - - [06/Apr/2026:19:34:10 +0000] "GET /artista HTTP/1.1" 304 -
::1 - - [06/Apr/2026:19:34:11 +0000] "GET /album HTTP/1.1" 304 -
::1 - - [06/Apr/2026:19:34:13 +0000] "GET /artista HTTP/1.1" 304 -
::1 - - [06/Apr/2026:19:34:13 +0000] "GET /artista HTTP/1.1" 304 -
::1 - - [06/Apr/2026:19:34:53 +0000] "GET / HTTP/1.1" 304 -
::1 - - [06/Apr/2026:19:34:54 +0000] "GET /artista HTTP/1.1" 200 2884
::1 - - [06/Apr/2026:19:34:58 +0000] "GET /artista/form HTTP/1.1" 200 1192
::1 - - [06/Apr/2026:19:35:01 +0000] "GET /album HTTP/1.1" 304 -
::1 - - [06/Apr/2026:19:35:02 +0000] "GET / HTTP/1.1" 304 -
::1 - - [06/Apr/2026:19:35:08 +0000] "GET /album HTTP/1.1" 304 -
::1 - - [06/Apr/2026:19:35:14 +0000] "GET /album/form/19 HTTP/1.1" 304 -
::1 - - [06/Apr/2026:19:35:21 +0000] "POST /album/save HTTP/1.1" 302 35
::1 - - [06/Apr/2026:19:35:21 +0000] "GET /album HTTP/1.1" 200 6740
::1 - - [06/Apr/2026:19:35:39 +0000] "GET / HTTP/1.1" 304 -
::1 - - [06/Apr/2026:19:35:40 +0000] "GET /artista HTTP/1.1" 304 -
::1 - - [06/Apr/2026:19:35:41 +0000] "GET /album HTTP/1.1" 304 -
::1 - - [06/Apr/2026:19:35:42 +0000] "GET / HTTP/1.1" 304 -
::1 - - [06/Apr/2026:19:35:44 +0000] "GET /album HTTP/1.1" 304 -
::1 - - [06/Apr/2026:19:36:04 +0000] "GET /artista HTTP/1.1" 304 -
::1 - - [06/Apr/2026:19:36:16 +0000] "GET / HTTP/1.1" 304 -
::1 - - [07/Apr/2026:19:45:46 +0000] "GET / HTTP/1.1" 304 -
::1 - - [07/Apr/2026:19:45:46 +0000] "GET /favicon.ico HTTP/1.1" 404 150
::1 - - [07/Apr/2026:19:45:51 +0000] "GET /album HTTP/1.1" 200 6740
::1 - - [07/Apr/2026:19:45:55 +0000] "GET /album/delete/20 HTTP/1.1" 302 35
::1 - - [07/Apr/2026:19:45:55 +0000] "GET /album HTTP/1.1" 200 6433
::1 - - [07/Apr/2026:19:45:57 +0000] "GET /album/form/8 HTTP/1.1" 200 1547
::1 - - [07/Apr/2026:19:46:03 +0000] "POST /album/save HTTP/1.1" 302 35
::1 - - [07/Apr/2026:19:46:03 +0000] "GET /album HTTP/1.1" 200 6433
::1 - - [07/Apr/2026:19:46:08 +0000] "GET /album/form/1 HTTP/1.1" 200 1559
::1 - - [07/Apr/2026:19:46:12 +0000] "POST /album/save HTTP/1.1" 200 1585
::1 - - [07/Apr/2026:19:46:21 +0000] "POST /album/save HTTP/1.1" 302 35
::1 - - [07/Apr/2026:19:46:21 +0000] "GET /album HTTP/1.1" 200 6399
::1 - - [07/Apr/2026:19:46:23 +0000] "GET /album/delete/1 HTTP/1.1" 302 35
::1 - - [07/Apr/2026:19:46:23 +0000] "GET /album HTTP/1.1" 200 6107
::1 - - [07/Apr/2026:19:46:27 +0000] "GET /artista HTTP/1.1" 304 -
::1 - - [07/Apr/2026:19:46:29 +0000] "GET /artista/detalle/1 HTTP/1.1" 404 156
::1 - - [07/Apr/2026:19:46:39 +0000] "GET /album/form HTTP/1.1" 304 -
::1 - - [07/Apr/2026:19:46:41 +0000] "GET /artista HTTP/1.1" 304 -
::1 - - [07/Apr/2026:19:46:44 +0000] "GET /artista/form/1 HTTP/1.1" 200 1264
::1 - - [07/Apr/2026:19:46:49 +0000] "POST /artista/save HTTP/1.1" 302 37
::1 - - [07/Apr/2026:19:46:49 +0000] "GET /artista HTTP/1.1" 200 2887
::1 - - [07/Apr/2026:19:46:52 +0000] "GET /artista/delete/1 HTTP/1.1" 302 37
::1 - - [07/Apr/2026:19:46:52 +0000] "GET /artista HTTP/1.1" 200 2510
::1 - - [07/Apr/2026:19:46:53 +0000] "GET /artista/detalle/2 HTTP/1.1" 404 156
::1 - - [07/Apr/2026:19:51:03 +0000] "GET / HTTP/1.1" 304 -
::1 - - [07/Apr/2026:19:51:04 +0000] "GET /album HTTP/1.1" 200 6740
::1 - - [07/Apr/2026:19:51:05 +0000] "GET /album/form HTTP/1.1" 304 -
::1 - - [07/Apr/2026:19:51:08 +0000] "POST /album/save HTTP/1.1" 200 1539
::1 - - [07/Apr/2026:19:51:19 +0000] "POST /album/save HTTP/1.1" 200 1589
::1 - - [07/Apr/2026:19:51:24 +0000] "POST /album/save HTTP/1.1" 200 1588
::1 - - [07/Apr/2026:19:51:28 +0000] "POST /album/save HTTP/1.1" 302 35
::1 - - [07/Apr/2026:19:51:28 +0000] "GET /album HTTP/1.1" 200 7040
::1 - - [07/Apr/2026:19:51:35 +0000] "GET /album/form/21 HTTP/1.1" 200 1532
::1 - - [07/Apr/2026:19:51:41 +0000] "POST /album/save HTTP/1.1" 200 1591
::1 - - [07/Apr/2026:19:51:48 +0000] "POST /album/save HTTP/1.1" 200 1586
::1 - - [07/Apr/2026:19:51:55 +0000] "POST /album/save HTTP/1.1" 302 35
::1 - - [07/Apr/2026:19:51:55 +0000] "GET /album HTTP/1.1" 200 7050
::1 - - [07/Apr/2026:19:51:59 +0000] "GET /album/delete/21 HTTP/1.1" 302 35
::1 - - [07/Apr/2026:19:51:59 +0000] "GET /album HTTP/1.1" 200 6740
::1 - - [07/Apr/2026:19:52:01 +0000] "GET /artista HTTP/1.1" 200 2884
::1 - - [07/Apr/2026:19:52:02 +0000] "GET /artista/detalle/1 HTTP/1.1" 200 1005
::1 - - [07/Apr/2026:19:52:23 +0000] "GET /album HTTP/1.1" 304 -
::1 - - [07/Apr/2026:19:53:00 +0000] "GET /album/form HTTP/1.1" 304 -
::1 - - [07/Apr/2026:19:53:03 +0000] "GET /artista HTTP/1.1" 304 -
::1 - - [07/Apr/2026:19:53:04 +0000] "GET /artista/form HTTP/1.1" 304 -
::1 - - [07/Apr/2026:19:53:12 +0000] "POST /artista/save HTTP/1.1" 200 1241
::1 - - [07/Apr/2026:19:53:21 +0000] "POST /artista/save HTTP/1.1" 302 37
::1 - - [07/Apr/2026:19:53:21 +0000] "GET /artista HTTP/1.1" 200 3247
::1 - - [07/Apr/2026:19:53:24 +0000] "GET /artista/delete/7 HTTP/1.1" 302 37
::1 - - [07/Apr/2026:19:53:24 +0000] "GET /artista HTTP/1.1" 200 2884
